This is pdfTeX, Version 3.14159265-2.6-1.40.19 (TeX Live 2018) (preloaded format=pdflatex 2018.8.22)  20 AUG 2019 18:52
entering extended mode
 restricted \write18 enabled.
 %&-line parsing enabled.
**compare_lp_naive.py
(./compare_lp_naive.py
LaTeX2e <2018-04-01> patch level 5
! You can't use `macro parameter character #' in vertical mode.
l.1 #
      import pdb
? q
OK, entering \batchmode...

! LaTeX Error: Missing \begin{document}.

See the LaTeX manual or LaTeX Companion for explanation.
Type  H <return>  for immediate help.
 ...                                              
                                                  
l.1 # i
       mport pdb
You're in trouble here.  Try typing  <return>  to proceed.
If that doesn't work, type  X <return>  to quit.

Missing character: There is no i in font nullfont!
Missing character: There is no m in font nullfont!
Missing character: There is no p in font nullfont!
Missing character: There is no o in font nullfont!
Missing character: There is no r in font nullfont!
Missing character: There is no t in font nullfont!
Missing character: There is no p in font nullfont!
Missing character: There is no d in font nullfont!
Missing character: There is no b in font nullfont!
Missing character: There is no i in font nullfont!
Missing character: There is no m in font nullfont!
Missing character: There is no p in font nullfont!
Missing character: There is no o in font nullfont!
Missing character: There is no r in font nullfont!
Missing character: There is no t in font nullfont!
Missing character: There is no n in font nullfont!
Missing character: There is no u in font nullfont!
Missing character: There is no m in font nullfont!
Missing character: There is no p in font nullfont!
Missing character: There is no y in font nullfont!
Missing character: There is no a in font nullfont!
Missing character: There is no s in font nullfont!
Missing character: There is no n in font nullfont!
Missing character: There is no p in font nullfont!
Missing character: There is no i in font nullfont!
Missing character: There is no m in font nullfont!
Missing character: There is no p in font nullfont!
Missing character: There is no o in font nullfont!
Missing character: There is no r in font nullfont!
Missing character: There is no t in font nullfont!
Missing character: There is no p in font nullfont!
Missing character: There is no o in font nullfont!
Missing character: There is no l in font nullfont!
Missing character: There is no y in font nullfont!
Missing character: There is no o in font nullfont!
Missing character: There is no p in font nullfont!
Missing character: There is no t in font nullfont!
Missing character: There is no a in font nullfont!
Missing character: There is no s in font nullfont!
Missing character: There is no p in font nullfont!
Missing character: There is no o in font nullfont!
Missing character: There is no i in font nullfont!
Missing character: There is no m in font nullfont!
Missing character: There is no p in font nullfont!
Missing character: There is no o in font nullfont!
Missing character: There is no r in font nullfont!
Missing character: There is no t in font nullfont!
Missing character: There is no t in font nullfont!
Missing character: There is no o in font nullfont!
Missing character: There is no r in font nullfont!
Missing character: There is no c in font nullfont!
Missing character: There is no h in font nullfont!

Overfull \hbox (20.0pt too wide) in paragraph at lines 1--5
[]
 []


! LaTeX Error: Missing \begin{document}.

See the LaTeX manual or LaTeX Companion for explanation.
Type  H <return>  for immediate help.
 ...                                              
                                                  
l.6 f
     rom timeit import default_timer as timer
You're in trouble here.  Try typing  <return>  to proceed.
If that doesn't work, type  X <return>  to quit.

Missing character: There is no f in font nullfont!
Missing character: There is no r in font nullfont!
Missing character: There is no o in font nullfont!
Missing character: There is no m in font nullfont!
Missing character: There is no t in font nullfont!
Missing character: There is no i in font nullfont!
Missing character: There is no m in font nullfont!
Missing character: There is no e in font nullfont!
Missing character: There is no i in font nullfont!
Missing character: There is no t in font nullfont!
Missing character: There is no i in font nullfont!
Missing character: There is no m in font nullfont!
Missing character: There is no p in font nullfont!
Missing character: There is no o in font nullfont!
Missing character: There is no r in font nullfont!
Missing character: There is no t in font nullfont!
Missing character: There is no d in font nullfont!
Missing character: There is no e in font nullfont!
Missing character: There is no f in font nullfont!
Missing character: There is no a in font nullfont!
Missing character: There is no u in font nullfont!
Missing character: There is no l in font nullfont!
Missing character: There is no t in font nullfont!
! Missing $ inserted.
<inserted text> 
                $
l.6 from timeit import default_
                               timer as timer
I've inserted a begin-math/end-math symbol since I think
you left one out. Proceed, with fingers crossed.

LaTeX Font Info:    External font `cmex10' loaded for size
(Font)              <7> on input line 6.
LaTeX Font Info:    External font `cmex10' loaded for size
(Font)              <5> on input line 6.
! Missing $ inserted.
<inserted text> 
                $
l.8 
    
I've inserted a begin-math/end-math symbol since I think
you left one out. Proceed, with fingers crossed.


Overfull \hbox (20.0pt too wide) in paragraph at lines 6--8
[]
 []


Overfull \hbox (150.68192pt too wide) in paragraph at lines 6--8
[]\OML/cmm/m/it/10 imerastimerfromtorchimportnn$ 
 []


! LaTeX Error: Missing \begin{document}.

See the LaTeX manual or LaTeX Companion for explanation.
Type  H <return>  for immediate help.
 ...                                              
                                                  
l.9 l
     ayer_configs = [(10, 100, 1), ]
You're in trouble here.  Try typing  <return>  to proceed.
If that doesn't work, type  X <return>  to quit.

Missing character: There is no l in font nullfont!
Missing character: There is no a in font nullfont!
Missing character: There is no y in font nullfont!
Missing character: There is no e in font nullfont!
Missing character: There is no r in font nullfont!
! Missing $ inserted.
<inserted text> 
                $
l.9 layer_
          configs = [(10, 100, 1), ]
I've inserted a begin-math/end-math symbol since I think
you left one out. Proceed, with fingers crossed.

! Missing $ inserted.
<inserted text> 
                $
l.11 
     
I've inserted a begin-math/end-math symbol since I think
you left one out. Proceed, with fingers crossed.


Overfull \hbox (64.71219pt too wide) in paragraph at lines 9--11
[]$[]\OML/cmm/m/it/10 onfigs \OT1/cmr/m/n/10 =
 []


Overfull \hbox (99.93987pt too wide) in paragraph at lines 9--11
\OT1/cmr/m/n/10 [(10\OML/cmm/m/it/10 ; \OT1/cmr/m/n/10 100\OML/cmm/m/it/10 ; \O
T1/cmr/m/n/10 1)\OML/cmm/m/it/10 ; \OT1/cmr/m/n/10 ]\OML/cmm/m/it/10 repeats \O
T1/cmr/m/n/10 =
 []


Overfull \hbox (5.00002pt too wide) in paragraph at lines 9--11
\OT1/cmr/m/n/10 1$ 
 []


! LaTeX Error: Missing \begin{document}.

See the LaTeX manual or LaTeX Companion for explanation.
Type  H <return>  for immediate help.
 ...                                              
                                                  
l.13 d
      ef fc_(layer_config, activation=nn.ELU, bias=False):
You're in trouble here.  Try typing  <return>  to proceed.
If that doesn't work, type  X <return>  to quit.

Missing character: There is no d in font nullfont!
Missing character: There is no e in font nullfont!
Missing character: There is no f in font nullfont!
Missing character: There is no f in font nullfont!
Missing character: There is no c in font nullfont!
! Missing $ inserted.
<inserted text> 
                $
l.13 def fc_
            (layer_config, activation=nn.ELU, bias=False):
I've inserted a begin-math/end-math symbol since I think
you left one out. Proceed, with fingers crossed.

! Missing $ inserted.
<inserted text> 
                $
l.20 
     
I've inserted a begin-math/end-math symbol since I think
you left one out. Proceed, with fingers crossed.


Overfull \hbox (20.0pt too wide) in paragraph at lines 13--20
[]
 []


Overfull \hbox (116.05743pt too wide) in paragraph at lines 13--20
[]\OML/cmm/m/it/10 layer[]onfig; activation \OT1/cmr/m/n/10 =
 []


Overfull \hbox (69.06337pt too wide) in paragraph at lines 13--20
\OML/cmm/m/it/10 nn:ELU; bias \OT1/cmr/m/n/10 =
 []


Overfull \hbox (35.07408pt too wide) in paragraph at lines 13--20
\OML/cmm/m/it/10 False\OT1/cmr/m/n/10 ) :
 []


Overfull \hbox (174.07455pt too wide) in paragraph at lines 13--20
\OT1/cmr/m/n/10 """\OML/cmm/m/it/10 Fullyconnectednetwork\OT1/cmr/m/n/10 """\OM
L/cmm/m/it/10 layers \OT1/cmr/m/n/10 =
 []


Overfull \hbox (145.56815pt too wide) in paragraph at lines 13--20
\OT1/cmr/m/n/10 []\OML/cmm/m/it/10 foriinrange\OT1/cmr/m/n/10 (\OML/cmm/m/it/10
 len\OT1/cmr/m/n/10 (\OML/cmm/m/it/10 layer[]onfig\OT1/cmr/m/n/10 ) \OMS/cmsy/m
/n/10 ^^@
 []


Overfull \hbox (14.44441pt too wide) in paragraph at lines 13--20
\OT1/cmr/m/n/10 1) :
 []


Overfull \hbox (184.53922pt too wide) in paragraph at lines 13--20
\OML/cmm/m/it/10 layers:append\OT1/cmr/m/n/10 (\OML/cmm/m/it/10 nn:Linear\OT1/c
mr/m/n/10 (\OMS/cmsy/m/n/10 ^^C\OML/cmm/m/it/10 layer[]onfig\OT1/cmr/m/n/10 [\O
ML/cmm/m/it/10 i \OT1/cmr/m/n/10 :
 []


Overfull \hbox (11.22293pt too wide) in paragraph at lines 13--20
\OML/cmm/m/it/10 i \OT1/cmr/m/n/10 +
 []


Overfull \hbox (40.4879pt too wide) in paragraph at lines 13--20
\OT1/cmr/m/n/10 2]\OML/cmm/m/it/10 ; bias \OT1/cmr/m/n/10 =
 []


Overfull \hbox (48.906pt too wide) in paragraph at lines 13--20
\OML/cmm/m/it/10 bias\OT1/cmr/m/n/10 ))\OML/cmm/m/it/10 ifi <
 []


Overfull \hbox (81.75987pt too wide) in paragraph at lines 13--20
\OML/cmm/m/it/10 len\OT1/cmr/m/n/10 (\OML/cmm/m/it/10 layer[]onfig\OT1/cmr/m/n/
10 ) \OMS/cmsy/m/n/10 ^^@
 []


Overfull \hbox (10.55551pt too wide) in paragraph at lines 13--20
\OT1/cmr/m/n/10 2 :
 []


Overfull \hbox (122.47386pt too wide) in paragraph at lines 13--20
\OML/cmm/m/it/10 layers:append\OT1/cmr/m/n/10 (\OML/cmm/m/it/10 activation\OT1/
cmr/m/n/10 ())$ 
 []


! LaTeX Error: Missing \begin{document}.

See the LaTeX manual or LaTeX Companion for explanation.
Type  H <return>  for immediate help.
 ...                                              
                                                  
l.21     r
          eturn nn.Sequential(*layers)
You're in trouble here.  Try typing  <return>  to proceed.
If that doesn't work, type  X <return>  to quit.

Missing character: There is no r in font nullfont!
Missing character: There is no e in font nullfont!
Missing character: There is no t in font nullfont!
Missing character: There is no u in font nullfont!
Missing character: There is no r in font nullfont!
Missing character: There is no n in font nullfont!
Missing character: There is no n in font nullfont!
Missing character: There is no n in font nullfont!
Missing character: There is no . in font nullfont!
Missing character: There is no S in font nullfont!
Missing character: There is no e in font nullfont!
Missing character: There is no q in font nullfont!
Missing character: There is no u in font nullfont!
Missing character: There is no e in font nullfont!
Missing character: There is no n in font nullfont!
Missing character: There is no t in font nullfont!
Missing character: There is no i in font nullfont!
Missing character: There is no a in font nullfont!
Missing character: There is no l in font nullfont!
Missing character: There is no ( in font nullfont!
Missing character: There is no * in font nullfont!
Missing character: There is no l in font nullfont!
Missing character: There is no a in font nullfont!
Missing character: There is no y in font nullfont!
Missing character: There is no e in font nullfont!
Missing character: There is no r in font nullfont!
Missing character: There is no s in font nullfont!
Missing character: There is no ) in font nullfont!

Overfull \hbox (20.0pt too wide) in paragraph at lines 21--22
[]
 []


! LaTeX Error: Missing \begin{document}.

See the LaTeX manual or LaTeX Companion for explanation.
Type  H <return>  for immediate help.
 ...                                              
                                                  
l.24 d
      ef weights_from_pytorch(module):
You're in trouble here.  Try typing  <return>  to proceed.
If that doesn't work, type  X <return>  to quit.

Missing character: There is no d in font nullfont!
Missing character: There is no e in font nullfont!
Missing character: There is no f in font nullfont!
Missing character: There is no w in font nullfont!
Missing character: There is no e in font nullfont!
Missing character: There is no i in font nullfont!
Missing character: There is no g in font nullfont!
Missing character: There is no h in font nullfont!
Missing character: There is no t in font nullfont!
Missing character: There is no s in font nullfont!
! Missing $ inserted.
<inserted text> 
                $
l.24 def weights_
                 from_pytorch(module):
I've inserted a begin-math/end-math symbol since I think
you left one out. Proceed, with fingers crossed.

! Missing $ inserted.
<inserted text> 
                $
l.44 
     
I've inserted a begin-math/end-math symbol since I think
you left one out. Proceed, with fingers crossed.


Overfull \hbox (20.0pt too wide) in paragraph at lines 24--44
[]
 []


Overfull \hbox (102.54855pt too wide) in paragraph at lines 24--44
[]\OML/cmm/m/it/10 rom[]ytorch\OT1/cmr/m/n/10 (\OML/cmm/m/it/10 module\OT1/cmr/
m/n/10 ) :
 []


Overfull \hbox (321.8679pt too wide) in paragraph at lines 24--44
\OT1/cmr/m/n/10 """\OML/cmm/m/it/10 Extractweightsandbiasesofthelinearlayersofa
network\OT1/cmr/m/n/10 """\OML/cmm/m/it/10 weights \OT1/cmr/m/n/10 =
 []


Overfull \hbox (43.16502pt too wide) in paragraph at lines 24--44
\OT1/cmr/m/n/10 []\OML/cmm/m/it/10 biases \OT1/cmr/m/n/10 =
 []


Overfull \hbox (91.73474pt too wide) in paragraph at lines 24--44
\OT1/cmr/m/n/10 []\OML/cmm/m/it/10 forlayerinmodule \OT1/cmr/m/n/10 :
 []


Overfull \hbox (118.3843pt too wide) in paragraph at lines 24--44
\OML/cmm/m/it/10 iftype\OT1/cmr/m/n/10 (\OML/cmm/m/it/10 layer\OT1/cmr/m/n/10 )
\OML/cmm/m/it/10 isnn:Linear \OT1/cmr/m/n/10 :
 []


Overfull \hbox (40.58632pt too wide) in paragraph at lines 24--44
\OML/cmm/m/it/10 weight \OT1/cmr/m/n/10 =
 []


Overfull \hbox (83.69241pt too wide) in paragraph at lines 24--44
\OML/cmm/m/it/10 layer:weightbias \OT1/cmr/m/n/10 =
 []


Overfull \hbox (62.32367pt too wide) in paragraph at lines 24--44
\OML/cmm/m/it/10 layer:biastry \OT1/cmr/m/n/10 :
 []


Overfull \hbox (40.58632pt too wide) in paragraph at lines 24--44
\OML/cmm/m/it/10 weight \OT1/cmr/m/n/10 =
 []


Overfull \hbox (189.93687pt too wide) in paragraph at lines 24--44
\OML/cmm/m/it/10 weight:detach\OT1/cmr/m/n/10 ()\OML/cmm/m/it/10 :numpy\OT1/cmr
/m/n/10 ()\OML/cmm/m/it/10 exceptException \OT1/cmr/m/n/10 :
 []


Overfull \hbox (38.90971pt too wide) in paragraph at lines 24--44
\OML/cmm/m/it/10 passtry \OT1/cmr/m/n/10 :
 []


Overfull \hbox (28.26569pt too wide) in paragraph at lines 24--44
\OML/cmm/m/it/10 bias \OT1/cmr/m/n/10 =
 []


Overfull \hbox (177.61624pt too wide) in paragraph at lines 24--44
\OML/cmm/m/it/10 bias:detach\OT1/cmr/m/n/10 ()\OML/cmm/m/it/10 :numpy\OT1/cmr/m
/n/10 ()\OML/cmm/m/it/10 exceptException \OT1/cmr/m/n/10 :
 []


Overfull \hbox (212.74028pt too wide) in paragraph at lines 24--44
\OML/cmm/m/it/10 passweights:append\OT1/cmr/m/n/10 (\OML/cmm/m/it/10 weight\OT1
/cmr/m/n/10 )\OML/cmm/m/it/10 biases:append\OT1/cmr/m/n/10 (\OML/cmm/m/it/10 bi
as\OT1/cmr/m/n/10 )$ 
 []


! LaTeX Error: Missing \begin{document}.

See the LaTeX manual or LaTeX Companion for explanation.
Type  H <return>  for immediate help.
 ...                                              
                                                  
l.45     r
          eturn weights, biases
You're in trouble here.  Try typing  <return>  to proceed.
If that doesn't work, type  X <return>  to quit.

Missing character: There is no r in font nullfont!
Missing character: There is no e in font nullfont!
Missing character: There is no t in font nullfont!
Missing character: There is no u in font nullfont!
Missing character: There is no r in font nullfont!
Missing character: There is no n in font nullfont!
Missing character: There is no w in font nullfont!
Missing character: There is no e in font nullfont!
Missing character: There is no i in font nullfont!
Missing character: There is no g in font nullfont!
Missing character: There is no h in font nullfont!
Missing character: There is no t in font nullfont!
Missing character: There is no s in font nullfont!
Missing character: There is no , in font nullfont!
Missing character: There is no b in font nullfont!
Missing character: There is no i in font nullfont!
Missing character: There is no a in font nullfont!
Missing character: There is no s in font nullfont!
Missing character: There is no e in font nullfont!
Missing character: There is no s in font nullfont!

Overfull \hbox (20.0pt too wide) in paragraph at lines 45--46
[]
 []


! LaTeX Error: Missing \begin{document}.

See the LaTeX manual or LaTeX Companion for explanation.
Type  H <return>  for immediate help.
 ...                                              
                                                  
l.48 d
      ef compare_bounds(layer_configs):
You're in trouble here.  Try typing  <return>  to proceed.
If that doesn't work, type  X <return>  to quit.

Missing character: There is no d in font nullfont!
Missing character: There is no e in font nullfont!
Missing character: There is no f in font nullfont!
Missing character: There is no c in font nullfont!
Missing character: There is no o in font nullfont!
Missing character: There is no m in font nullfont!
Missing character: There is no p in font nullfont!
Missing character: There is no a in font nullfont!
Missing character: There is no r in font nullfont!
Missing character: There is no e in font nullfont!
! Missing $ inserted.
<inserted text> 
                $
l.48 def compare_
                 bounds(layer_configs):
I've inserted a begin-math/end-math symbol since I think
you left one out. Proceed, with fingers crossed.

! Missing $ inserted.
<inserted text> 
                $
l.71 
     
I've inserted a begin-math/end-math symbol since I think
you left one out. Proceed, with fingers crossed.


Overfull \hbox (20.0pt too wide) in paragraph at lines 48--71
[]
 []


Overfull \hbox (100.86906pt too wide) in paragraph at lines 48--71
[]\OML/cmm/m/it/10 ounds\OT1/cmr/m/n/10 (\OML/cmm/m/it/10 layer[]onfigs\OT1/cmr
/m/n/10 ) :
 []


Overfull \hbox (41.89241pt too wide) in paragraph at lines 48--71
\OML/cmm/m/it/10 results \OT1/cmr/m/n/10 =
 []


Overfull \hbox (164.39597pt too wide) in paragraph at lines 48--71
\OML/cmm/m/it/10 dict\OT1/cmr/m/n/10 ()\OML/cmm/m/it/10 forlayer[]onfiginlayer[
]onfigs \OT1/cmr/m/n/10 :
 []


Overfull \hbox (24.68864pt too wide) in paragraph at lines 48--71
\OML/cmm/m/it/10 res \OT1/cmr/m/n/10 =
 []


Overfull \hbox (41.94281pt too wide) in paragraph at lines 48--71
\OT1/cmr/m/n/10 []\OML/cmm/m/it/10 tight[] \OT1/cmr/m/n/10 =
 []


Overfull \hbox (42.29083pt too wide) in paragraph at lines 48--71
\OT1/cmr/m/n/10 []\OML/cmm/m/it/10 tight[] \OT1/cmr/m/n/10 =
 []


Overfull \hbox (102.13156pt too wide) in paragraph at lines 48--71
\OT1/cmr/m/n/10 []\OML/cmm/m/it/10 for[]nrange\OT1/cmr/m/n/10 (\OML/cmm/m/it/10
 repeats\OT1/cmr/m/n/10 ) :
 []


Overfull \hbox (47.41093pt too wide) in paragraph at lines 48--71
\OML/cmm/m/it/10 network \OT1/cmr/m/n/10 =
 []


Overfull \hbox (146.95099pt too wide) in paragraph at lines 48--71
\OML/cmm/m/it/10 fc[]layer[]onfig\OT1/cmr/m/n/10 )\OML/cmm/m/it/10 weights; bia
ses \OT1/cmr/m/n/10 =
 []


Overfull \hbox (157.02847pt too wide) in paragraph at lines 48--71
\OML/cmm/m/it/10 weights[]rom[]ytorch\OT1/cmr/m/n/10 (\OML/cmm/m/it/10 network\
OT1/cmr/m/n/10 )\OML/cmm/m/it/10 fc \OT1/cmr/m/n/10 =
 []


Overfull \hbox (175.51576pt too wide) in paragraph at lines 48--71
\OML/cmm/m/it/10 po:FullyConnected\OT1/cmr/m/n/10 (\OML/cmm/m/it/10 weights; bi
ases\OT1/cmr/m/n/10 )\OML/cmm/m/it/10 f \OT1/cmr/m/n/10 =
 []


Overfull \hbox (67.08191pt too wide) in paragraph at lines 48--71
\OML/cmm/m/it/10 fc:grad[]olyg \OT1/cmr/m/n/10 =
 []


Overfull \hbox (93.62967pt too wide) in paragraph at lines 48--71
\OML/cmm/m/it/10 fc:krivine[]onstr\OT1/cmr/m/n/10 (\OML/cmm/m/it/10 p \OT1/cmr/
m/n/10 =
 []


Overfull \hbox (28.22456pt too wide) in paragraph at lines 48--71
\OT1/cmr/m/n/10 1)\OML/cmm/m/it/10 m \OT1/cmr/m/n/10 =
 []


Overfull \hbox (192.45157pt too wide) in paragraph at lines 48--71
\OML/cmm/m/it/10 po:KrivineOptimizer:maximize\OT1/cmr/m/n/10 (\OML/cmm/m/it/10 
f; g; deg \OT1/cmr/m/n/10 =
 []


Overfull \hbox (124.97316pt too wide) in paragraph at lines 48--71
\OML/cmm/m/it/10 len\OT1/cmr/m/n/10 (\OML/cmm/m/it/10 weights\OT1/cmr/m/n/10 )\
OML/cmm/m/it/10 ; start[]ndices \OT1/cmr/m/n/10 =
 []


Overfull \hbox (111.88797pt too wide) in paragraph at lines 48--71
\OML/cmm/m/it/10 fc:start[]ndices; solver \OT1/cmr/m/n/10 =[]
 []


Overfull \hbox (75.16968pt too wide) in paragraph at lines 48--71
\OML/cmm/m/it/10 gurobi[]; sparse \OT1/cmr/m/n/10 =
 []


Overfull \hbox (61.44508pt too wide) in paragraph at lines 48--71
\OML/cmm/m/it/10 True; n[]obs \OT1/cmr/m/n/10 =
 []


Overfull \hbox (57.6135pt too wide) in paragraph at lines 48--71
\OMS/cmsy/m/n/10 ^^@\OT1/cmr/m/n/10 1\OML/cmm/m/it/10 ; name \OT1/cmr/m/n/10 =[
]
 []


Overfull \hbox (48.45192pt too wide) in paragraph at lines 48--71
\OT1/cmr/m/n/10 )\OML/cmm/m/it/10 lp[]ound \OT1/cmr/m/n/10 =
 []


Overfull \hbox (67.51231pt too wide) in paragraph at lines 48--71
\OML/cmm/m/it/10 m:objValubp \OT1/cmr/m/n/10 =
 []


Overfull \hbox (168.24992pt too wide) in paragraph at lines 48--71
\OML/cmm/m/it/10 po:upper[]ound[]roduct\OT1/cmr/m/n/10 (\OML/cmm/m/it/10 fc:wei
ghts; p \OT1/cmr/m/n/10 =
 []


Overfull \hbox (31.9479pt too wide) in paragraph at lines 48--71
\OT1/cmr/m/n/10 1)\OML/cmm/m/it/10 lbp \OT1/cmr/m/n/10 =
 []


Overfull \hbox (167.9189pt too wide) in paragraph at lines 48--71
\OML/cmm/m/it/10 po:lower[]ound[]roduct\OT1/cmr/m/n/10 (\OML/cmm/m/it/10 fc:wei
ghts; p \OT1/cmr/m/n/10 =
 []


Overfull \hbox (31.60416pt too wide) in paragraph at lines 48--71
\OT1/cmr/m/n/10 1)\OML/cmm/m/it/10 lbs \OT1/cmr/m/n/10 =
 []


Overfull \hbox (233.31564pt too wide) in paragraph at lines 48--71
\OML/cmm/m/it/10 po:lower[]ound[]ampling\OT1/cmr/m/n/10 (\OML/cmm/m/it/10 netwo
rk; layer[]onfig\OT1/cmr/m/n/10 [0]\OML/cmm/m/it/10 ; n \OT1/cmr/m/n/10 =
 []


Overfull \hbox (45.03125pt too wide) in paragraph at lines 48--71
\OT1/cmr/m/n/10 10000\OML/cmm/m/it/10 ; p \OT1/cmr/m/n/10 =
 []


Overfull \hbox (357.06915pt too wide) in paragraph at lines 48--71
\OT1/cmr/m/n/10 1)\OML/cmm/m/it/10 res:append\OT1/cmr/m/n/10 (\OML/cmm/m/it/10 
ubp=lp[]ound\OT1/cmr/m/n/10 )\OML/cmm/m/it/10 tight[]:append\OT1/cmr/m/n/10 (\O
ML/cmm/m/it/10 lp[]ound=lbs\OT1/cmr/m/n/10 )\OML/cmm/m/it/10 tight[]:append\OT1
/cmr/m/n/10 (\OML/cmm/m/it/10 lp[]ound=lbp\OT1/cmr/m/n/10 )$ 
 []


! LaTeX Error: Missing \begin{document}.

See the LaTeX manual or LaTeX Companion for explanation.
Type  H <return>  for immediate help.
 ...                                              
                                                  
l.72         r
              esults[layer_config] = {
You're in trouble here.  Try typing  <return>  to proceed.
If that doesn't work, type  X <return>  to quit.

Missing character: There is no r in font nullfont!
Missing character: There is no e in font nullfont!
Missing character: There is no s in font nullfont!
Missing character: There is no u in font nullfont!
Missing character: There is no l in font nullfont!
Missing character: There is no t in font nullfont!
Missing character: There is no s in font nullfont!
Missing character: There is no [ in font nullfont!
Missing character: There is no l in font nullfont!
Missing character: There is no a in font nullfont!
Missing character: There is no y in font nullfont!
Missing character: There is no e in font nullfont!
Missing character: There is no r in font nullfont!
! Missing $ inserted.
<inserted text> 
                $
l.72         results[layer_
                           config] = {
I've inserted a begin-math/end-math symbol since I think
you left one out. Proceed, with fingers crossed.

! Missing $ inserted.
<inserted text> 
                $
l.77 
     
I've inserted a begin-math/end-math symbol since I think
you left one out. Proceed, with fingers crossed.


Overfull \hbox (62.80247pt too wide) in paragraph at lines 72--77
[]$[]\OML/cmm/m/it/10 onfig\OT1/cmr/m/n/10 ] =
 []


Overfull \hbox (492.0208pt too wide) in paragraph at lines 72--77
[]$ 
 []


! LaTeX Error: Missing \begin{document}.

See the LaTeX manual or LaTeX Companion for explanation.
Type  H <return>  for immediate help.
 ...                                              
                                                  
l.78     r
          eturn results
You're in trouble here.  Try typing  <return>  to proceed.
If that doesn't work, type  X <return>  to quit.

Missing character: There is no r in font nullfont!
Missing character: There is no e in font nullfont!
Missing character: There is no t in font nullfont!
Missing character: There is no u in font nullfont!
Missing character: There is no r in font nullfont!
Missing character: There is no n in font nullfont!
Missing character: There is no r in font nullfont!
Missing character: There is no e in font nullfont!
Missing character: There is no s in font nullfont!
Missing character: There is no u in font nullfont!
Missing character: There is no l in font nullfont!
Missing character: There is no t in font nullfont!
Missing character: There is no s in font nullfont!

Overfull \hbox (20.0pt too wide) in paragraph at lines 78--79
[]
 []


! LaTeX Error: Missing \begin{document}.

See the LaTeX manual or LaTeX Companion for explanation.
Type  H <return>  for immediate help.
 ...                                              
                                                  
l.81 d
      ef main():
You're in trouble here.  Try typing  <return>  to proceed.
If that doesn't work, type  X <return>  to quit.

Missing character: There is no d in font nullfont!
Missing character: There is no e in font nullfont!
Missing character: There is no f in font nullfont!
Missing character: There is no m in font nullfont!
Missing character: There is no a in font nullfont!
Missing character: There is no i in font nullfont!
Missing character: There is no n in font nullfont!
Missing character: There is no ( in font nullfont!
Missing character: There is no ) in font nullfont!
Missing character: There is no : in font nullfont!
! You can't use `macro parameter character #' in horizontal mode.
l.82     #
           np.random.seed(4)
Sorry, but I'm not programmed to handle this case;
I'll just pretend that you didn't ask for it.
If you're in the wrong mode, you might be able to
return to the right one by typing `I}' or `I$' or `I\par'.

Missing character: There is no n in font nullfont!
Missing character: There is no p in font nullfont!
Missing character: There is no . in font nullfont!
Missing character: There is no r in font nullfont!
Missing character: There is no a in font nullfont!
Missing character: There is no n in font nullfont!
Missing character: There is no d in font nullfont!
Missing character: There is no o in font nullfont!
Missing character: There is no m in font nullfont!
Missing character: There is no . in font nullfont!
Missing character: There is no s in font nullfont!
Missing character: There is no e in font nullfont!
Missing character: There is no e in font nullfont!
Missing character: There is no d in font nullfont!
Missing character: There is no ( in font nullfont!
Missing character: There is no 4 in font nullfont!
Missing character: There is no ) in font nullfont!
Missing character: There is no n in font nullfont!
Missing character: There is no p in font nullfont!
Missing character: There is no . in font nullfont!
Missing character: There is no r in font nullfont!
Missing character: There is no a in font nullfont!
Missing character: There is no n in font nullfont!
Missing character: There is no d in font nullfont!
Missing character: There is no o in font nullfont!
Missing character: There is no m in font nullfont!
Missing character: There is no . in font nullfont!
Missing character: There is no s in font nullfont!
Missing character: There is no e in font nullfont!
Missing character: There is no e in font nullfont!
Missing character: There is no d in font nullfont!
Missing character: There is no ( in font nullfont!
Missing character: There is no 7 in font nullfont!
Missing character: There is no ) in font nullfont!
Missing character: There is no t in font nullfont!
Missing character: There is no o in font nullfont!
Missing character: There is no r in font nullfont!
Missing character: There is no c in font nullfont!
Missing character: There is no h in font nullfont!
Missing character: There is no . in font nullfont!
Missing character: There is no m in font nullfont!
Missing character: There is no a in font nullfont!
Missing character: There is no n in font nullfont!
Missing character: There is no u in font nullfont!
Missing character: There is no a in font nullfont!
Missing character: There is no l in font nullfont!
! Missing $ inserted.
<inserted text> 
                $
l.84     torch.manual_
                      seed(7)
I've inserted a begin-math/end-math symbol since I think
you left one out. Proceed, with fingers crossed.

! Missing $ inserted.
<inserted text> 
                $
l.87 
     
I've inserted a begin-math/end-math symbol since I think
you left one out. Proceed, with fingers crossed.


Overfull \hbox (20.0pt too wide) in paragraph at lines 81--87
[]
 []


Overfull \hbox (73.46194pt too wide) in paragraph at lines 81--87
[]\OML/cmm/m/it/10 eed\OT1/cmr/m/n/10 (7)\OML/cmm/m/it/10 results \OT1/cmr/m/n/
10 =
 []


Overfull \hbox (195.02518pt too wide) in paragraph at lines 81--87
\OML/cmm/m/it/10 compare[]ounds\OT1/cmr/m/n/10 (\OML/cmm/m/it/10 layer[]onfigs\
OT1/cmr/m/n/10 )\OML/cmm/m/it/10 print\OT1/cmr/m/n/10 (\OML/cmm/m/it/10 results
\OT1/cmr/m/n/10 )$ 
 []


! LaTeX Error: Missing \begin{document}.

See the LaTeX manual or LaTeX Companion for explanation.
Type  H <return>  for immediate help.
 ...                                              
                                                  
l.89 i
      f __name__ == '__main__':
You're in trouble here.  Try typing  <return>  to proceed.
If that doesn't work, type  X <return>  to quit.

Missing character: There is no i in font nullfont!
Missing character: There is no f in font nullfont!
! Missing $ inserted.
<inserted text> 
                $
l.89 if _
         _name__ == '__main__':
I've inserted a begin-math/end-math symbol since I think
you left one out. Proceed, with fingers crossed.

! Missing { inserted.
<to be read again> 
                   _
l.89 if __
          name__ == '__main__':
A left brace was mandatory here, so I've put one in.
You might want to delete and/or insert some corrections
so that I will find a matching right brace soon.
(If you're confused by all this, try typing `I}' now.)

! Missing { inserted.
<to be read again> 
                   _
l.89 if __name__
                 == '__main__':
A left brace was mandatory here, so I've put one in.
You might want to delete and/or insert some corrections
so that I will find a matching right brace soon.
(If you're confused by all this, try typing `I}' now.)

! Missing { inserted.
<to be read again> 
                   _
l.89 if __name__ == '__
                       main__':
A left brace was mandatory here, so I've put one in.
You might want to delete and/or insert some corrections
so that I will find a matching right brace soon.
(If you're confused by all this, try typing `I}' now.)

! Missing { inserted.
<to be read again> 
                   _
l.89 if __name__ == '__main__
                             ':
A left brace was mandatory here, so I've put one in.
You might want to delete and/or insert some corrections
so that I will find a matching right brace soon.
(If you're confused by all this, try typing `I}' now.)

! Missing { inserted.
<to be read again> 
                   ^
l.89 if __name__ == '__main__'
                              :
A left brace was mandatory here, so I've put one in.
You might want to delete and/or insert some corrections
so that I will find a matching right brace soon.
(If you're confused by all this, try typing `I}' now.)

! Missing $ inserted.
<inserted text> 
                $
l.91 
     
I've inserted a begin-math/end-math symbol since I think
you left one out. Proceed, with fingers crossed.

! Missing } inserted.
<inserted text> 
                }
l.91 
     
I've inserted something that you may have forgotten.
(See the <inserted text> above.)
With luck, this will get me unwedged. But if you
really didn't forget anything, try typing `2' now; then
my insertion and my current dilemma will both disappear.

! Missing } inserted.
<inserted text> 
                }
l.91 
     
I've inserted something that you may have forgotten.
(See the <inserted text> above.)
With luck, this will get me unwedged. But if you
really didn't forget anything, try typing `2' now; then
my insertion and my current dilemma will both disappear.

! Missing } inserted.
<inserted text> 
                }
l.91 
     
I've inserted something that you may have forgotten.
(See the <inserted text> above.)
With luck, this will get me unwedged. But if you
really didn't forget anything, try typing `2' now; then
my insertion and my current dilemma will both disappear.

! Missing } inserted.
<inserted text> 
                }
l.91 
     
I've inserted something that you may have forgotten.
(See the <inserted text> above.)
With luck, this will get me unwedged. But if you
really didn't forget anything, try typing `2' now; then
my insertion and my current dilemma will both disappear.

! Missing } inserted.
<inserted text> 
                }
l.91 
     
I've inserted something that you may have forgotten.
(See the <inserted text> above.)
With luck, this will get me unwedged. But if you
really didn't forget anything, try typing `2' now; then
my insertion and my current dilemma will both disappear.


Overfull \hbox (20.0pt too wide) in paragraph at lines 89--91
[]
 []


Overfull \hbox (78.21358pt too wide) in paragraph at lines 89--91
[]$ 
 []

)
! Emergency stop.
<*> compare_lp_naive.py
                       
*** (job aborted, no legal \end found)

 
Here is how much of TeX's memory you used:
 8 strings out of 492642
 192 string characters out of 6129384
 63190 words of memory out of 5000000
 3994 multiletter control sequences out of 15000+600000
 3640 words of font info for 14 fonts, out of 8000000 for 9000
 1141 hyphenation exceptions out of 8191
 18i,7n,12p,97b,56s stack positions out of 5000i,500n,10000p,200000b,80000s
!  ==> Fatal error occurred, no output PDF file produced!
